<?xml version="1.0" encoding="UTF-8"?>
<!-- Generated by org.testng.reporters.JUnitReportReporter -->
<testsuite hostname="WKWEJ794963383" failures="0" tests="4" name="com.auomation.runners.TestRunner" time="84.960" errors="0" timestamp="2025-02-28T22:56:15 IST" skipped="0">
  <testcase classname="com.auomation.runners.TestRunner" name="runScenario" time="17.894"/>
  <testcase classname="com.auomation.runners.TestRunner" name="runScenario" time="19.871"/>
  <testcase classname="com.auomation.runners.TestRunner" name="runScenario" time="17.840"/>
  <testcase classname="com.auomation.runners.TestRunner" name="runScenario" time="29.355"/>
</testsuite> <!-- com.auomation.runners.TestRunner -->
